<?xml version="1.0" encoding="UTF-8"?>
<!-- Generated by org.testng.reporters.JUnitReportReporter -->
<testsuite skipped="0" hostname="IN2070121W2" name="com.qa.test.POSTAPITest" tests="1" failures="0" timestamp="16 Jul 2018 13:11:55 GMT" time="2.161" errors="0">
  <testcase name="postAPITest" time="2.161" classname="com.qa.test.POSTAPITest"/>
</testsuite> <!-- com.qa.test.POSTAPITest -->
