<?xml version="1.0" encoding="UTF-8"?>
<!-- Generated by org.testng.reporters.JUnitReportReporter -->
<testsuite skipped="0" hostname="IN2070121W2" name="com.qa.test.GetAPITest" tests="2" failures="0" timestamp="16 Jul 2018 11:33:32 GMT" time="3.740" errors="0">
  <testcase name="getAPITestWithOutHeader" time="2.859" classname="com.qa.test.GetAPITest"/>
  <testcase name="getAPITestWithHeader" time="0.881" classname="com.qa.test.GetAPITest"/>
</testsuite> <!-- com.qa.test.GetAPITest -->
